12:16:45,983 INFO  [org.jboss.modules] JBoss Modules version 1.1.1.GA
12:16:46,091 INFO  [org.jboss.msc] JBoss MSC version 1.0.2.GA
12:16:46,122 INFO  [org.jboss.as] JBAS015899: JBoss AS 7.1.1.Final "Brontes" starting
12:16:46,123 DEBUG [org.jboss.as.config] Configured system properties:
	awt.toolkit = sun.awt.windows.WToolkit
	file.encoding = Cp1252
	file.encoding.pkg = sun.io
	file.separator = \
	java.awt.graphicsenv = sun.awt.Win32GraphicsEnvironment
	java.awt.printerjob = sun.awt.windows.WPrinterJob
	java.class.path = C:\betsy_master\server\jbpm\jboss-as-7.1.1.Final\jboss-modules.jar
	java.class.version = 51.0
	java.endorsed.dirs = C:\Program Files\Java\jdk1.7.0_25\jre\lib\endorsed
	java.ext.dirs = C:\Program Files\Java\jdk1.7.0_25\jre\lib\ext;C:\Windows\Sun\Java\lib\ext
	java.home = C:\Program Files\Java\jdk1.7.0_25\jre
	java.io.tmpdir = C:\Users\admin\AppData\Local\Temp\
	java.library.path = C:\Program Files\Java\jdk1.7.0_25\bin;C:\Windows\Sun\Java\bin;C:\Windows\system32;C:\Windows;C:\Windows\system32;C:\Windows;C:\Windows\System32\Wbem;C:\Windows\System32\WindowsPowerShell\v1.0\;C:\Program Files (x86)\MiKTeX 2.9\miktex\bin\;C:\Program Files (x86)\Git\cmd;C:\Program Files\Java\jdk1.8.0_05\bin;C:\tools\apache-ant-1.8.3\bin;.
	java.runtime.name = Java(TM) SE Runtime Environment
	java.runtime.version = 1.7.0_25-b17
	java.specification.name = Java Platform API Specification
	java.specification.vendor = Oracle Corporation
	java.specification.version = 1.7
	java.util.logging.manager = org.jboss.logmanager.LogManager
	java.vendor = Oracle Corporation
	java.vendor.url = http://java.oracle.com/
	java.vendor.url.bug = http://bugreport.sun.com/bugreport/
	java.version = 1.7.0_25
	java.vm.info = mixed mode
	java.vm.name = Java HotSpot(TM) 64-Bit Server VM
	java.vm.specification.name = Java Virtual Machine Specification
	java.vm.specification.vendor = Oracle Corporation
	java.vm.specification.version = 1.7
	java.vm.vendor = Oracle Corporation
	java.vm.version = 23.25-b01
	javax.management.builder.initial = org.jboss.as.jmx.PluggableMBeanServerBuilder
	javax.xml.datatype.DatatypeFactory = __redirected.__DatatypeFactory
	javax.xml.parsers.DocumentBuilderFactory = __redirected.__DocumentBuilderFactory
	javax.xml.parsers.SAXParserFactory = __redirected.__SAXParserFactory
	javax.xml.stream.XMLEventFactory = __redirected.__XMLEventFactory
	javax.xml.stream.XMLInputFactory = __redirected.__XMLInputFactory
	javax.xml.stream.XMLOutputFactory = __redirected.__XMLOutputFactory
	javax.xml.transform.TransformerFactory = __redirected.__TransformerFactory
	javax.xml.validation.SchemaFactory:http://www.w3.org/2001/XMLSchema = __redirected.__SchemaFactory
	javax.xml.xpath.XPathFactory:http://java.sun.com/jaxp/xpath/dom = __redirected.__XPathFactory
	jboss.bind.address = localhost
	jboss.home.dir = C:\betsy_master\server\jbpm\jboss-as-7.1.1.Final
	jboss.host.name = dsg18
	jboss.modules.dir = C:\betsy_master\server\jbpm\jboss-as-7.1.1.Final\modules
	jboss.node.name = dsg18
	jboss.qualified.host.name = dsg18
	jboss.server.base.dir = C:\betsy_master\server\jbpm\jboss-as-7.1.1.Final\standalone
	jboss.server.config.dir = C:\betsy_master\server\jbpm\jboss-as-7.1.1.Final\standalone\configuration
	jboss.server.data.dir = C:\betsy_master\server\jbpm\jboss-as-7.1.1.Final\standalone\data
	jboss.server.deploy.dir = C:\betsy_master\server\jbpm\jboss-as-7.1.1.Final\standalone\data\content
	jboss.server.log.dir = C:\betsy_master\server\jbpm\jboss-as-7.1.1.Final\standalone\log
	jboss.server.name = dsg18
	jboss.server.temp.dir = C:\betsy_master\server\jbpm\jboss-as-7.1.1.Final\standalone\tmp
	line.separator = 

	logging.configuration = file:C:\betsy_master\server\jbpm\jboss-as-7.1.1.Final\standalone/configuration/logging.properties
	module.path = C:\betsy_master\server\jbpm\jboss-as-7.1.1.Final\modules
	org.jboss.boot.log.file = C:\betsy_master\server\jbpm\jboss-as-7.1.1.Final\standalone\log\boot.log
	org.kie.demo = true
	org.kie.example = false
	org.xml.sax.driver = __redirected.__XMLReaderFactory
	os.arch = amd64
	os.name = Windows 7
	os.version = 6.1
	path.separator = ;
	program.name = standalone.bat
	sun.arch.data.model = 64
	sun.boot.class.path = C:\Program Files\Java\jdk1.7.0_25\jre\lib\resources.jar;C:\Program Files\Java\jdk1.7.0_25\jre\lib\rt.jar;C:\Program Files\Java\jdk1.7.0_25\jre\lib\sunrsasign.jar;C:\Program Files\Java\jdk1.7.0_25\jre\lib\jsse.jar;C:\Program Files\Java\jdk1.7.0_25\jre\lib\jce.jar;C:\Program Files\Java\jdk1.7.0_25\jre\lib\charsets.jar;C:\Program Files\Java\jdk1.7.0_25\jre\lib\jfr.jar;C:\Program Files\Java\jdk1.7.0_25\jre\classes
	sun.boot.library.path = C:\Program Files\Java\jdk1.7.0_25\jre\bin
	sun.cpu.endian = little
	sun.cpu.isalist = amd64
	sun.desktop = windows
	sun.io.unicode.encoding = UnicodeLittle
	sun.java.command = C:\betsy_master\server\jbpm\jboss-as-7.1.1.Final\jboss-modules.jar -mp C:\betsy_master\server\jbpm\jboss-as-7.1.1.Final\modules -jaxpmodule javax.xml.jaxp-provider org.jboss.as.standalone -Djboss.home.dir=C:\betsy_master\server\jbpm\jboss-as-7.1.1.Final -b localhost --server-config=standalone-full.xml -Dorg.kie.demo=true -Dorg.kie.example=false
	sun.java.launcher = SUN_STANDARD
	sun.jnu.encoding = Cp1252
	sun.management.compiler = HotSpot 64-Bit Tiered Compilers
	sun.os.patch.level = Service Pack 1
	user.country = US
	user.dir = C:\betsy_master\server\jbpm
	user.home = C:\Users\admin
	user.language = en
	user.name = admin
	user.script = 
	user.timezone = Europe/Berlin
	user.variant = 
12:16:46,133 DEBUG [org.jboss.as.config] VM Arguments: -XX:+TieredCompilation -Dprogram.name=standalone.bat -XX:MaxPermSize=256m -Xms256m -Xmx512m -Dorg.jboss.boot.log.file=C:\betsy_master\server\jbpm\jboss-as-7.1.1.Final\standalone\log\boot.log -Dlogging.configuration=file:C:\betsy_master\server\jbpm\jboss-as-7.1.1.Final\standalone/configuration/logging.properties 
12:16:46,647 INFO  [org.xnio] XNIO Version 3.0.3.GA
12:16:46,648 INFO  [org.jboss.as.server] JBAS015888: Creating http management service using socket-binding (management-http)
12:16:46,656 INFO  [org.xnio.nio] XNIO NIO Implementation Version 3.0.3.GA
12:16:46,662 INFO  [org.jboss.remoting] JBoss Remoting version 3.2.3.GA
12:16:46,677 INFO  [org.jboss.as.logging] JBAS011502: Removing bootstrap log handlers
