Nov 14, 2014 3:03:23 PM org.apache.catalina.core.AprLifecycleListener init
INFO: Loaded APR based Apache Tomcat Native library 1.1.29 using APR version 1.4.8.
Nov 14, 2014 3:03:23 PM org.apache.catalina.core.AprLifecycleListener init
INFO: APR capabilities: IPv6 [true], sendfile [true], accept filters [false], random [true].
Nov 14, 2014 3:03:24 PM org.apache.catalina.core.AprLifecycleListener initializeSSL
INFO: OpenSSL successfully initialized (OpenSSL 1.0.1e 11 Feb 2013)
Nov 14, 2014 3:03:24 PM org.apache.coyote.AbstractProtocol init
INFO: Initializing ProtocolHandler ["http-apr-8080"]
Nov 14, 2014 3:03:24 PM org.apache.coyote.AbstractProtocol init
INFO: Initializing ProtocolHandler ["ajp-apr-8009"]
Nov 14, 2014 3:03:24 PM org.apache.catalina.startup.Catalina load
INFO: Initialization processed in 1004 ms
Nov 14, 2014 3:03:24 PM org.apache.catalina.core.StandardService startInternal
INFO: Starting service Catalina
Nov 14, 2014 3:03:24 PM org.apache.catalina.core.StandardEngine startInternal
INFO: Starting Servlet Engine: Apache Tomcat/7.0.53
Nov 14, 2014 3:03:24 PM org.apache.catalina.startup.HostConfig deployWAR
INFO: Deploying web application archive C:\betsy_master\server\activiti\apache-tomcat-7.0.53\webapps\activiti-rest.war
Nov 14, 2014 3:03:29 PM org.apache.catalina.startup.HostConfig deployDirectory
INFO: Deploying web application directory C:\betsy_master\server\activiti\apache-tomcat-7.0.53\webapps\docs
Nov 14, 2014 3:03:29 PM org.apache.catalina.startup.HostConfig deployDirectory
INFO: Deploying web application directory C:\betsy_master\server\activiti\apache-tomcat-7.0.53\webapps\examples
Nov 14, 2014 3:03:30 PM org.apache.catalina.startup.HostConfig deployDirectory
INFO: Deploying web application directory C:\betsy_master\server\activiti\apache-tomcat-7.0.53\webapps\host-manager
Nov 14, 2014 3:03:30 PM org.apache.catalina.startup.HostConfig deployDirectory
INFO: Deploying web application directory C:\betsy_master\server\activiti\apache-tomcat-7.0.53\webapps\manager
Nov 14, 2014 3:03:31 PM org.apache.catalina.startup.HostConfig deployDirectory
INFO: Deploying web application directory C:\betsy_master\server\activiti\apache-tomcat-7.0.53\webapps\ROOT
Nov 14, 2014 3:03:31 PM org.apache.coyote.AbstractProtocol start
INFO: Starting ProtocolHandler ["http-apr-8080"]
Nov 14, 2014 3:03:31 PM org.apache.coyote.AbstractProtocol start
INFO: Starting ProtocolHandler ["ajp-apr-8009"]
Nov 14, 2014 3:03:31 PM org.apache.catalina.startup.Catalina start
INFO: Server startup in 6912 ms
Nov 14, 2014 3:03:32 PM org.restlet.engine.log.LogFilter afterHandle
INFO: 2014-11-14	15:03:32	127.0.0.1	-	127.0.0.1	8080	POST	/activiti-rest/service/repository/deployments	-	401	-	6052	76	http://localhost:8080	unirest-java/1.3.11	-
Nov 14, 2014 3:03:32 PM org.restlet.resource.ServerResource doCatch
WARNING: Exception or error caught in server resource
Internal Server Error (500) - The server encountered an unexpected condition which prevented it from fulfilling the request
	at org.restlet.resource.ServerResource.doHandle(ServerResource.java:540)
	at org.restlet.resource.ServerResource.post(ServerResource.java:1346)
	at org.restlet.resource.ServerResource.doHandle(ServerResource.java:621)
	at org.restlet.resource.ServerResource.doNegotiatedHandle(ServerResource.java:679)
	at org.restlet.resource.ServerResource.doConditionalHandle(ServerResource.java:357)
	at org.restlet.resource.ServerResource.handle(ServerResource.java:1014)
	at org.restlet.resource.Finder.handle(Finder.java:246)
	at org.restlet.routing.Filter.doHandle(Filter.java:159)
	at org.restlet.routing.Filter.handle(Filter.java:206)
	at org.restlet.routing.Router.doHandle(Router.java:431)
	at org.restlet.routing.Router.handle(Router.java:648)
	at org.restlet.routing.Filter.doHandle(Filter.java:159)
	at org.restlet.routing.Filter.handle(Filter.java:206)
	at org.restlet.routing.Filter.doHandle(Filter.java:159)
	at org.restlet.routing.Filter.handle(Filter.java:206)
	at org.restlet.routing.Filter.doHandle(Filter.java:159)
	at org.restlet.routing.Filter.handle(Filter.java:206)
	at org.restlet.routing.Filter.doHandle(Filter.java:159)
	at org.restlet.routing.Filter.handle(Filter.java:206)
	at org.restlet.routing.Filter.doHandle(Filter.java:159)
	at org.restlet.engine.application.StatusFilter.doHandle(StatusFilter.java:155)
	at org.restlet.routing.Filter.handle(Filter.java:206)
	at org.restlet.routing.Filter.doHandle(Filter.java:159)
	at org.restlet.routing.Filter.handle(Filter.java:206)
	at org.restlet.engine.CompositeHelper.handle(CompositeHelper.java:211)
	at org.restlet.engine.application.ApplicationHelper.handle(ApplicationHelper.java:84)
	at org.restlet.Application.handle(Application.java:384)
	at org.restlet.routing.Filter.doHandle(Filter.java:159)
	at org.restlet.routing.Filter.handle(Filter.java:206)
	at org.restlet.routing.Router.doHandle(Router.java:431)
	at org.restlet.routing.Router.handle(Router.java:648)
	at org.restlet.routing.Filter.doHandle(Filter.java:159)
	at org.restlet.routing.Filter.handle(Filter.java:206)
	at org.restlet.routing.Router.doHandle(Router.java:431)
	at org.restlet.routing.Router.handle(Router.java:648)
	at org.restlet.routing.Filter.doHandle(Filter.java:159)
	at org.restlet.routing.Filter.handle(Filter.java:206)
	at org.restlet.engine.CompositeHelper.handle(CompositeHelper.java:211)
	at org.restlet.Component.handle(Component.java:406)
	at org.restlet.Server.handle(Server.java:516)
	at org.restlet.engine.connector.ServerHelper.handle(ServerHelper.java:72)
	at org.restlet.engine.adapter.HttpServerHelper.handle(HttpServerHelper.java:152)
	at org.restlet.ext.servlet.ServerServlet.service(ServerServlet.java:1118)
	at javax.servlet.http.HttpServlet.service(HttpServlet.java:727)
	at org.apache.catalina.core.ApplicationFilterChain.internalDoFilter(ApplicationFilterChain.java:303)
	at org.apache.catalina.core.ApplicationFilterChain.doFilter(ApplicationFilterChain.java:208)
	at org.apache.tomcat.websocket.server.WsFilter.doFilter(WsFilter.java:52)
	at org.apache.catalina.core.ApplicationFilterChain.internalDoFilter(ApplicationFilterChain.java:241)
	at org.apache.catalina.core.ApplicationFilterChain.doFilter(ApplicationFilterChain.java:208)
	at org.apache.catalina.core.StandardWrapperValve.invoke(StandardWrapperValve.java:220)
	at org.apache.catalina.core.StandardContextValve.invoke(StandardContextValve.java:122)
	at org.apache.catalina.authenticator.AuthenticatorBase.invoke(AuthenticatorBase.java:501)
	at org.apache.catalina.core.StandardHostValve.invoke(StandardHostValve.java:170)
	at org.apache.catalina.valves.ErrorReportValve.invoke(ErrorReportValve.java:98)
	at org.apache.catalina.valves.AccessLogValve.invoke(AccessLogValve.java:950)
	at org.apache.catalina.core.StandardEngineValve.invoke(StandardEngineValve.java:116)
	at org.apache.catalina.connector.CoyoteAdapter.service(CoyoteAdapter.java:408)
	at org.apache.coyote.http11.AbstractHttp11Processor.process(AbstractHttp11Processor.java:1040)
	at org.apache.coyote.AbstractProtocol$AbstractConnectionHandler.process(AbstractProtocol.java:607)
	at org.apache.tomcat.util.net.AprEndpoint$SocketProcessor.doRun(AprEndpoint.java:2441)
	at org.apache.tomcat.util.net.AprEndpoint$SocketProcessor.run(AprEndpoint.java:2430)
	at java.util.concurrent.ThreadPoolExecutor.runWorker(ThreadPoolExecutor.java:1142)
	at java.util.concurrent.ThreadPoolExecutor$Worker.run(ThreadPoolExecutor.java:617)
	at java.lang.Thread.run(Thread.java:745)
Caused by: org.activiti.engine.ActivitiException: Errors while parsing:
[Validation set: 'activiti-executable-process' | Problem: 'activiti-boundary-event-no-event-definition'] : Event definition is missing from boundary event - [Extra info : processDefinitionId = Escalation_BoundaryEvent_SubProcess_Interrupting | id = BoundaryEvent_1 |  | activityName =  | ] ( line: 60, column: 7)

	at org.activiti.engine.impl.bpmn.parser.BpmnParse.execute(BpmnParse.java:214)
	at org.activiti.engine.impl.bpmn.deployer.BpmnDeployer.deploy(BpmnDeployer.java:112)
	at org.activiti.engine.impl.persistence.deploy.DeploymentManager.deploy(DeploymentManager.java:50)
	at org.activiti.engine.impl.cmd.DeployCmd.execute(DeployCmd.java:103)
	at org.activiti.engine.impl.cmd.DeployCmd.execute(DeployCmd.java:37)
	at org.activiti.engine.impl.interceptor.CommandInvoker.execute(CommandInvoker.java:24)
	at org.activiti.engine.impl.interceptor.CommandContextInterceptor.execute(CommandContextInterceptor.java:57)
	at org.activiti.spring.SpringTransactionInterceptor$1.doInTransaction(SpringTransactionInterceptor.java:47)
	at org.springframework.transaction.support.TransactionTemplate.execute(TransactionTemplate.java:133)
	at org.activiti.spring.SpringTransactionInterceptor.execute(SpringTransactionInterceptor.java:45)
	at org.activiti.engine.impl.interceptor.LogInterceptor.execute(LogInterceptor.java:37)
	at org.activiti.engine.impl.cfg.CommandExecutorImpl.execute(CommandExecutorImpl.java:40)
	at org.activiti.engine.impl.cfg.CommandExecutorImpl.execute(CommandExecutorImpl.java:35)
	at org.activiti.engine.impl.RepositoryServiceImpl.deploy(RepositoryServiceImpl.java:78)
	at org.activiti.engine.impl.repository.DeploymentBuilderImpl.deploy(DeploymentBuilderImpl.java:156)
	at org.activiti.rest.service.api.repository.DeploymentCollectionResource.uploadDeployment(DeploymentCollectionResource.java:145)
	at sun.reflect.NativeMethodAccessorImpl.invoke0(Native Method)
	at sun.reflect.NativeMethodAccessorImpl.invoke(NativeMethodAccessorImpl.java:62)
	at sun.reflect.DelegatingMethodAccessorImpl.invoke(DelegatingMethodAccessorImpl.java:43)
	at java.lang.reflect.Method.invoke(Method.java:483)
	at org.restlet.resource.ServerResource.doHandle(ServerResource.java:521)
	... 63 more

Nov 14, 2014 3:03:32 PM org.restlet.engine.log.LogFilter afterHandle
INFO: 2014-11-14	15:03:32	127.0.0.1	kermit	127.0.0.1	8080	POST	/activiti-rest/service/repository/deployments	-	500	-	6052	70	http://localhost:8080	unirest-java/1.3.11	-
Nov 14, 2014 3:03:32 PM org.restlet.engine.log.LogFilter afterHandle
INFO: 2014-11-14	15:03:32	127.0.0.1	-	127.0.0.1	8080	POST	/activiti-rest/service/runtime/process-instances	-	401	-	194	58	http://localhost:8080	unirest-java/1.3.11	-
Nov 14, 2014 3:03:32 PM org.restlet.engine.log.LogFilter afterHandle
INFO: 2014-11-14	15:03:32	127.0.0.1	kermit	127.0.0.1	8080	POST	/activiti-rest/service/runtime/process-instances	-	400	-	194	15	http://localhost:8080	unirest-java/1.3.11	-
