Nov 14, 2014 3:16:30 PM org.apache.catalina.core.AprLifecycleListener init
INFO: Loaded APR based Apache Tomcat Native library 1.1.29 using APR version 1.4.8.
Nov 14, 2014 3:16:30 PM org.apache.catalina.core.AprLifecycleListener init
INFO: APR capabilities: IPv6 [true], sendfile [true], accept filters [false], random [true].
Nov 14, 2014 3:16:31 PM org.apache.catalina.core.AprLifecycleListener initializeSSL
INFO: OpenSSL successfully initialized (OpenSSL 1.0.1e 11 Feb 2013)
Nov 14, 2014 3:16:33 PM org.apache.coyote.AbstractProtocol init
INFO: Initializing ProtocolHandler ["http-apr-8080"]
Nov 14, 2014 3:16:33 PM org.apache.coyote.AbstractProtocol init
INFO: Initializing ProtocolHandler ["ajp-apr-8009"]
Nov 14, 2014 3:16:33 PM org.apache.catalina.startup.Catalina load
INFO: Initialization processed in 3218 ms
Nov 14, 2014 3:16:33 PM org.apache.catalina.core.StandardService startInternal
INFO: Starting service Catalina
Nov 14, 2014 3:16:33 PM org.apache.catalina.core.StandardEngine startInternal
INFO: Starting Servlet Engine: Apache Tomcat/7.0.53
Nov 14, 2014 3:16:33 PM org.apache.catalina.startup.HostConfig deployWAR
INFO: Deploying web application archive C:\betsy_master\server\activiti\apache-tomcat-7.0.53\webapps\activiti-rest.war
Nov 14, 2014 3:16:37 PM org.apache.catalina.startup.HostConfig deployDirectory
INFO: Deploying web application directory C:\betsy_master\server\activiti\apache-tomcat-7.0.53\webapps\docs
Nov 14, 2014 3:16:38 PM org.apache.catalina.startup.HostConfig deployDirectory
INFO: Deploying web application directory C:\betsy_master\server\activiti\apache-tomcat-7.0.53\webapps\examples
Nov 14, 2014 3:16:38 PM org.apache.catalina.startup.HostConfig deployDirectory
INFO: Deploying web application directory C:\betsy_master\server\activiti\apache-tomcat-7.0.53\webapps\host-manager
Nov 14, 2014 3:16:39 PM org.apache.catalina.startup.HostConfig deployDirectory
INFO: Deploying web application directory C:\betsy_master\server\activiti\apache-tomcat-7.0.53\webapps\manager
Nov 14, 2014 3:16:39 PM org.apache.catalina.startup.HostConfig deployDirectory
INFO: Deploying web application directory C:\betsy_master\server\activiti\apache-tomcat-7.0.53\webapps\ROOT
Nov 14, 2014 3:16:40 PM org.apache.coyote.AbstractProtocol start
INFO: Starting ProtocolHandler ["http-apr-8080"]
Nov 14, 2014 3:16:40 PM org.apache.coyote.AbstractProtocol start
INFO: Starting ProtocolHandler ["ajp-apr-8009"]
Nov 14, 2014 3:16:40 PM org.apache.catalina.startup.Catalina start
INFO: Server startup in 6716 ms
Nov 14, 2014 3:16:40 PM org.restlet.engine.log.LogFilter afterHandle
INFO: 2014-11-14	15:16:40	127.0.0.1	-	127.0.0.1	8080	POST	/activiti-rest/service/repository/deployments	-	401	-	7792	83	http://localhost:8080	unirest-java/1.3.11	-
Nov 14, 2014 3:16:41 PM org.restlet.engine.log.LogFilter afterHandle
INFO: 2014-11-14	15:16:41	127.0.0.1	kermit	127.0.0.1	8080	POST	/activiti-rest/service/repository/deployments	-	201	-	7792	100	http://localhost:8080	unirest-java/1.3.11	-
Nov 14, 2014 3:16:41 PM org.restlet.engine.log.LogFilter afterHandle
INFO: 2014-11-14	15:16:41	127.0.0.1	-	127.0.0.1	8080	POST	/activiti-rest/service/runtime/process-instances	-	401	-	148	61	http://localhost:8080	unirest-java/1.3.11	-
Nov 14, 2014 3:16:41 PM org.restlet.engine.log.LogFilter afterHandle
INFO: 2014-11-14	15:16:41	127.0.0.1	kermit	127.0.0.1	8080	POST	/activiti-rest/service/runtime/process-instances	-	201	-	148	491	http://localhost:8080	unirest-java/1.3.11	-
