Nov 14, 2014 2:33:25 PM org.apache.catalina.core.AprLifecycleListener init
INFO: The APR based Apache Tomcat Native library which allows optimal performance in production environments was not found on the java.library.path: C:\Program Files\Java\jdk1.8.0_05\bin;C:\Windows\Sun\Java\bin;C:\Windows\system32;C:\Windows;C:\Windows\system32;C:\Windows;C:\Windows\System32\Wbem;C:\Windows\System32\WindowsPowerShell\v1.0\;C:\Program Files (x86)\MiKTeX 2.9\miktex\bin\;C:\Program Files (x86)\Git\cmd;C:\Program Files\Java\jdk1.8.0_05\bin;C:\tools\apache-ant-1.8.3\bin;.
Nov 14, 2014 2:33:25 PM org.apache.coyote.AbstractProtocol init
INFO: Initializing ProtocolHandler ["http-bio-8080"]
Nov 14, 2014 2:33:25 PM org.apache.coyote.AbstractProtocol init
INFO: Initializing ProtocolHandler ["ajp-bio-8009"]
Nov 14, 2014 2:33:25 PM org.apache.catalina.startup.Catalina load
INFO: Initialization processed in 358 ms
Nov 14, 2014 2:33:28 PM org.camunda.bpm.container.impl.tomcat.deployment.TomcatParseBpmPlatformXmlStep lookupBpmPlatformXmlFromCatalinaConfDirectory
INFO: Found camunda bpm platform configuration in CATALINA_BASE/CATALINA_HOME conf directory [C:\betsy_master\server\camunda710\server\apache-tomcat-7.0.50\conf\bpm-platform.xml] at file:/C:/betsy_master/server/camunda710/server/apache-tomcat-7.0.50/conf/bpm-platform.xml
Nov 14, 2014 2:33:28 PM org.camunda.bpm.engine.impl.jobexecutor.JobExecutor start
INFO: Starting up the JobExecutor[org.camunda.bpm.engine.impl.jobexecutor.RuntimeContainerJobExecutor].
Nov 14, 2014 2:33:28 PM org.camunda.bpm.engine.impl.jobexecutor.SequentialJobAcquisitionRunnable run
INFO: JobExecutor[org.camunda.bpm.engine.impl.jobexecutor.RuntimeContainerJobExecutor] starting to acquire jobs
Nov 14, 2014 2:33:28 PM org.camunda.bpm.engine.impl.cfg.ProcessEngineConfigurationImpl invokePreInit
INFO: PLUGIN ProcessApplicationEventListenerPlugin activated on process engine default
Nov 14, 2014 2:33:28 PM org.camunda.bpm.engine.impl.db.DbSqlSession executeSchemaResource
INFO: performing create on engine with resource org/camunda/bpm/engine/db/create/activiti.h2.create.engine.sql
Nov 14, 2014 2:33:28 PM org.camunda.bpm.engine.impl.db.DbSqlSession executeSchemaResource
INFO: performing create on history with resource org/camunda/bpm/engine/db/create/activiti.h2.create.history.sql
Nov 14, 2014 2:33:28 PM org.camunda.bpm.engine.impl.db.DbSqlSession executeSchemaResource
INFO: performing create on identity with resource org/camunda/bpm/engine/db/create/activiti.h2.create.identity.sql
Nov 14, 2014 2:33:28 PM org.camunda.bpm.engine.impl.db.DbSqlSession checkHistoryLevel
INFO: No historyLevel property found in database.
Nov 14, 2014 2:33:28 PM org.camunda.bpm.engine.impl.db.DbSqlSession dbCreateHistoryLevel
INFO: Creating historyLevel property in database with value: full
Nov 14, 2014 2:33:28 PM org.camunda.bpm.engine.impl.ProcessEngineImpl <init>
INFO: ProcessEngine default created
Nov 14, 2014 2:33:28 PM org.camunda.bpm.container.impl.tomcat.TomcatBpmPlatformBootstrap deployBpmPlatform
INFO: camunda BPM platform sucessfully started on Apache Tomcat/7.0.50.
Nov 14, 2014 2:33:29 PM org.apache.catalina.core.StandardService startInternal
INFO: Starting service Catalina
Nov 14, 2014 2:33:29 PM org.apache.catalina.core.StandardEngine startInternal
INFO: Starting Servlet Engine: Apache Tomcat/7.0.50
Nov 14, 2014 2:33:29 PM org.apache.catalina.startup.HostConfig deployWAR
INFO: Deploying web application archive C:\betsy_master\server\camunda710\server\apache-tomcat-7.0.50\webapps\camunda-example-wait-states-7.1.0-Final.war
Nov 14, 2014 2:33:30 PM org.camunda.bpm.application.impl.ServletProcessApplicationDeployer onStartup
INFO: Detected @ProcessApplication class org.camunda.bpm.example.wait.states.WaitStatesProcessApplication
Nov 14, 2014 2:33:31 PM org.camunda.bpm.container.impl.jmx.deployment.ParseProcessesXmlStep parseProcessesXmlFiles
INFO: Found process application file at file:/C:/betsy_master/server/camunda710/server/apache-tomcat-7.0.50/webapps/camunda-example-wait-states-7.1.0-Final/WEB-INF/classes/META-INF/processes.xml
Nov 14, 2014 2:33:31 PM org.camunda.bpm.container.impl.jmx.deployment.DeployProcessArchiveStep logDeploymentSummary
INFO: Deployment summary for process archive 'camunda-example-wait-states-7.1.0-Final': 

        called-process.bpmn
        wait-states.png
        called-process.png
        wait-states.bpmn

Nov 14, 2014 2:33:31 PM org.camunda.bpm.engine.impl.bpmn.deployer.BpmnDeployer deploy
INFO: Processing resource called-process.bpmn
Nov 14, 2014 2:33:31 PM org.camunda.bpm.engine.impl.bpmn.deployer.BpmnDeployer deploy
INFO: Processing resource wait-states.png
Nov 14, 2014 2:33:31 PM org.camunda.bpm.engine.impl.bpmn.deployer.BpmnDeployer deploy
INFO: Processing resource called-process.png
Nov 14, 2014 2:33:31 PM org.camunda.bpm.engine.impl.bpmn.deployer.BpmnDeployer deploy
INFO: Processing resource wait-states.bpmn
Nov 14, 2014 2:33:31 PM org.camunda.bpm.engine.impl.application.ProcessApplicationManager logRegistration
INFO: ProcessApplication 'camunda-example-wait-states-7.1.0-Final' registered for DB deployments [d2d02c94-6c02-11e4-99e8-001999bf076c]. Will execute process definitions 

        calledProcess[version: 1, id: calledProcess:1:d2e62599-6c02-11e4-99e8-001999bf076c]
        waitStates[version: 1, id: waitStates:1:d2e673ba-6c02-11e4-99e8-001999bf076c]

Nov 14, 2014 2:33:31 PM org.camunda.bpm.container.impl.jmx.JmxRuntimeContainerDelegate deployProcessApplication
INFO: Process Application camunda-example-wait-states-7.1.0-Final successfully deployed.
Nov 14, 2014 2:33:31 PM org.apache.catalina.startup.HostConfig deployDirectory
INFO: Deploying web application directory C:\betsy_master\server\camunda710\server\apache-tomcat-7.0.50\webapps\camunda
Nov 14, 2014 2:33:32 PM org.apache.catalina.startup.HostConfig deployDirectory
INFO: Deploying web application directory C:\betsy_master\server\camunda710\server\apache-tomcat-7.0.50\webapps\camunda-invoice
Nov 14, 2014 2:33:33 PM org.camunda.bpm.application.impl.ServletProcessApplicationDeployer onStartup
INFO: Detected @ProcessApplication class org.camunda.bpm.example.invoice.InvoiceProcessApplication
Nov 14, 2014 2:33:33 PM org.camunda.bpm.container.impl.jmx.deployment.ParseProcessesXmlStep parseProcessesXmlFiles
INFO: Found process application file at file:/C:/betsy_master/server/camunda710/server/apache-tomcat-7.0.50/webapps/camunda-invoice/WEB-INF/classes/META-INF/processes.xml
Nov 14, 2014 2:33:33 PM org.camunda.bpm.container.impl.jmx.deployment.DeployProcessArchiveStep logDeploymentSummary
INFO: Deployment summary for process archive 'camunda-invoice': 

        invoice.png
        invoice.bpmn

Nov 14, 2014 2:33:33 PM org.camunda.bpm.engine.impl.bpmn.deployer.BpmnDeployer deploy
INFO: Processing resource invoice.png
Nov 14, 2014 2:33:33 PM org.camunda.bpm.engine.impl.bpmn.deployer.BpmnDeployer deploy
INFO: Processing resource invoice.bpmn
Nov 14, 2014 2:33:33 PM org.camunda.bpm.engine.impl.application.ProcessApplicationManager logRegistration
INFO: ProcessApplication 'camunda-invoice' registered for DB deployments [d463ebf2-6c02-11e4-99e8-001999bf076c]. Will execute process definitions 

        invoice[version: 1, id: invoice:1:d4694325-6c02-11e4-99e8-001999bf076c]

Nov 14, 2014 2:33:33 PM org.camunda.bpm.example.invoice.DemoDataGenerator createUsers
INFO: Generating demo data for invoice showcase
Nov 14, 2014 2:33:33 PM org.camunda.bpm.container.impl.jmx.JmxRuntimeContainerDelegate deployProcessApplication
INFO: Process Application camunda-invoice successfully deployed.
Nov 14, 2014 2:33:33 PM org.apache.catalina.startup.HostConfig deployDirectory
INFO: Deploying web application directory C:\betsy_master\server\camunda710\server\apache-tomcat-7.0.50\webapps\camunda-welcome
Nov 14, 2014 2:33:34 PM org.apache.catalina.startup.HostConfig deployDirectory
INFO: Deploying web application directory C:\betsy_master\server\camunda710\server\apache-tomcat-7.0.50\webapps\cycle
Nov 14, 2014 2:33:38 PM org.springframework.web.context.ContextLoader initWebApplicationContext
INFO: Root WebApplicationContext: initialization started
Nov 14, 2014 2:33:38 PM org.springframework.context.support.AbstractApplicationContext prepareRefresh
INFO: Refreshing Root WebApplicationContext: startup date [Fri Nov 14 14:33:38 CET 2014]; root of context hierarchy
Nov 14, 2014 2:33:38 PM org.springframework.beans.factory.xml.XmlBeanDefinitionReader loadBeanDefinitions
INFO: Loading XML bean definitions from file [C:\betsy_master\server\camunda710\server\apache-tomcat-7.0.50\webapps\cycle\WEB-INF\classes\spring\configuration.xml]
Nov 14, 2014 2:33:38 PM org.springframework.beans.factory.xml.XmlBeanDefinitionReader loadBeanDefinitions
INFO: Loading XML bean definitions from file [C:\betsy_master\server\camunda710\server\apache-tomcat-7.0.50\webapps\cycle\WEB-INF\classes\spring\connector-configurations.xml]
Nov 14, 2014 2:33:38 PM org.springframework.beans.factory.xml.XmlBeanDefinitionReader loadBeanDefinitions
INFO: Loading XML bean definitions from file [C:\betsy_master\server\camunda710\server\apache-tomcat-7.0.50\webapps\cycle\WEB-INF\classes\spring\context.xml]
Nov 14, 2014 2:33:38 PM org.springframework.context.annotation.ClassPathScanningCandidateComponentProvider registerDefaultFilters
INFO: JSR-250 'javax.annotation.ManagedBean' found and supported for component scanning
Nov 14, 2014 2:33:38 PM org.springframework.context.annotation.ClassPathScanningCandidateComponentProvider registerDefaultFilters
INFO: JSR-330 'javax.inject.Named' annotation found and supported for component scanning
Nov 14, 2014 2:33:39 PM org.springframework.beans.factory.xml.XmlBeanDefinitionReader loadBeanDefinitions
INFO: Loading XML bean definitions from file [C:\betsy_master\server\camunda710\server\apache-tomcat-7.0.50\webapps\cycle\WEB-INF\classes\spring\spring-persistence.xml]
Nov 14, 2014 2:33:39 PM org.springframework.beans.factory.annotation.AutowiredAnnotationBeanPostProcessor <init>
INFO: JSR-330 'javax.inject.Inject' annotation found and supported for autowiring
Nov 14, 2014 2:33:39 PM org.springframework.beans.factory.support.DefaultListableBeanFactory preInstantiateSingletons
INFO: Pre-instantiating singletons in org.springframework.beans.factory.support.DefaultListableBeanFactory@3c02a4bd: defining beans [cycleConfiguration,vfsConnectorDefinition,signavioConnectorDefinition,svnConnectorDefinition,org.springframework.context.annotation.internalConfigurationAnnotationProcessor,org.springframework.context.annotation.internalAutowiredAnnotationProcessor,org.springframework.context.annotation.internalRequiredAnnotationProcessor,org.springframework.context.annotation.internalCommonAnnotationProcessor,org.springframework.context.annotation.internalPersistenceAnnotationProcessor,org.springframework.aop.config.internalAutoProxyCreator,loginAspect,threadsafeAspect,scopedTarget.connectorCache,connectorCache,connectorRegistry,encryptionServiceImpl,signavioConnector,cycleExceptionMapper,bpmnDiagramRepository,connectorConfigurationRepository,connectorCredentialsRepository,roundtripRepository,userRepository,synchronizationService,defaultMailSessionProvider,mailService,templateConfiguration,templateExceptionMapper,templateMessageBodyWriter,webExceptionMapper,defaultService,errorViewService,initialConfigurationService,loginService,bpmnDiagramService,connectorConfigurationService,connectorCredentialsService,connectorService,roundtripService,userService,testRunnerService,viewService,securityAspect,securityContext,securityService,securityExceptionMapper,entityManagerFactory,transactionManager,org.springframework.transaction.annotation.AnnotationTransactionAttributeSource#0,org.springframework.transaction.interceptor.TransactionInterceptor#0,org.springframework.transaction.config.internalTransactionAdvisor,org.springframework.context.annotation.ConfigurationClassPostProcessor$ImportAwareBeanPostProcessor#0,i18n,templateResolver,templateEngine]; root of factory hierarchy
Nov 14, 2014 2:33:40 PM org.springframework.orm.jpa.LocalContainerEntityManagerFactoryBean createNativeEntityManagerFactory
INFO: Building JPA container EntityManagerFactory for persistence unit 'cyclePU'
Nov 14, 2014 2:33:40 PM org.hibernate.annotations.common.Version <clinit>
INFO: HCANN000001: Hibernate Commons Annotations {4.0.1.Final}
Nov 14, 2014 2:33:40 PM org.hibernate.Version logVersion
INFO: HHH000412: Hibernate Core {4.2.0.SP1}
Nov 14, 2014 2:33:40 PM org.hibernate.cfg.Environment <clinit>
INFO: HHH000206: hibernate.properties not found
Nov 14, 2014 2:33:40 PM org.hibernate.cfg.Environment buildBytecodeProvider
INFO: HHH000021: Bytecode provider name : javassist
Nov 14, 2014 2:33:40 PM org.hibernate.ejb.Ejb3Configuration configure
INFO: HHH000204: Processing PersistenceUnitInfo [
	name: cyclePU
	...]
Nov 14, 2014 2:33:40 PM org.hibernate.service.jdbc.connections.internal.ConnectionProviderInitiator instantiateExplicitConnectionProvider
INFO: HHH000130: Instantiating explicit connection provider: org.hibernate.ejb.connection.InjectedDataSourceConnectionProvider
Nov 14, 2014 2:33:40 PM org.hibernate.dialect.Dialect <init>
INFO: HHH000400: Using dialect: org.hibernate.dialect.H2Dialect
Nov 14, 2014 2:33:40 PM org.hibernate.engine.jdbc.internal.LobCreatorBuilder useContextualLobCreation
INFO: HHH000423: Disabling contextual LOB creation as JDBC driver reported JDBC version [3] less than 4
Nov 14, 2014 2:33:40 PM org.hibernate.engine.transaction.internal.TransactionFactoryInitiator initiateService
INFO: HHH000268: Transaction strategy: org.hibernate.engine.transaction.internal.jdbc.JdbcTransactionFactory
Nov 14, 2014 2:33:40 PM org.hibernate.hql.internal.ast.ASTQueryTranslatorFactory <init>
INFO: HHH000397: Using ASTQueryTranslatorFactory
Nov 14, 2014 2:33:40 PM org.hibernate.tool.hbm2ddl.SchemaUpdate execute
INFO: HHH000228: Running hbm2ddl schema update
Nov 14, 2014 2:33:40 PM org.hibernate.tool.hbm2ddl.SchemaUpdate execute
INFO: HHH000102: Fetching database metadata
Nov 14, 2014 2:33:40 PM org.hibernate.tool.hbm2ddl.SchemaUpdate execute
INFO: HHH000396: Updating schema
Nov 14, 2014 2:33:40 PM org.hibernate.tool.hbm2ddl.DatabaseMetadata getTableMetadata
INFO: HHH000262: Table not found: cy_bpmn_diagram
Nov 14, 2014 2:33:40 PM org.hibernate.tool.hbm2ddl.DatabaseMetadata getTableMetadata
INFO: HHH000262: Table not found: cy_connector_attributes
Nov 14, 2014 2:33:40 PM org.hibernate.tool.hbm2ddl.DatabaseMetadata getTableMetadata
INFO: HHH000262: Table not found: cy_connector_config
Nov 14, 2014 2:33:40 PM org.hibernate.tool.hbm2ddl.DatabaseMetadata getTableMetadata
INFO: HHH000262: Table not found: cy_connector_cred
Nov 14, 2014 2:33:40 PM org.hibernate.tool.hbm2ddl.DatabaseMetadata getTableMetadata
INFO: HHH000262: Table not found: cy_roundtrip
Nov 14, 2014 2:33:40 PM org.hibernate.tool.hbm2ddl.DatabaseMetadata getTableMetadata
INFO: HHH000262: Table not found: cy_user
Nov 14, 2014 2:33:40 PM org.hibernate.tool.hbm2ddl.DatabaseMetadata getTableMetadata
INFO: HHH000262: Table not found: cy_bpmn_diagram
Nov 14, 2014 2:33:40 PM org.hibernate.tool.hbm2ddl.DatabaseMetadata getTableMetadata
INFO: HHH000262: Table not found: cy_connector_attributes
Nov 14, 2014 2:33:40 PM org.hibernate.tool.hbm2ddl.DatabaseMetadata getTableMetadata
INFO: HHH000262: Table not found: cy_connector_config
Nov 14, 2014 2:33:40 PM org.hibernate.tool.hbm2ddl.DatabaseMetadata getTableMetadata
INFO: HHH000262: Table not found: cy_connector_cred
Nov 14, 2014 2:33:40 PM org.hibernate.tool.hbm2ddl.DatabaseMetadata getTableMetadata
INFO: HHH000262: Table not found: cy_roundtrip
Nov 14, 2014 2:33:40 PM org.hibernate.tool.hbm2ddl.DatabaseMetadata getTableMetadata
INFO: HHH000262: Table not found: cy_user
Nov 14, 2014 2:33:40 PM org.hibernate.tool.hbm2ddl.DatabaseMetadata getTableMetadata
INFO: HHH000262: Table not found: cy_id_table
Nov 14, 2014 2:33:40 PM org.hibernate.tool.hbm2ddl.SchemaUpdate execute
INFO: HHH000232: Schema update complete
Nov 14, 2014 2:33:41 PM org.springframework.web.context.ContextLoader initWebApplicationContext
INFO: Root WebApplicationContext: initialization completed in 3052 ms
Nov 14, 2014 2:33:41 PM com.sun.jersey.spi.spring.container.servlet.SpringServlet getContext
INFO: Using default applicationContext
Nov 14, 2014 2:33:41 PM com.sun.jersey.spi.spring.container.SpringComponentProviderFactory registerSpringBeans
INFO: Registering Spring bean, cycleExceptionMapper, of type org.camunda.bpm.cycle.exception.CycleExceptionMapper as a provider class
Nov 14, 2014 2:33:41 PM com.sun.jersey.spi.spring.container.SpringComponentProviderFactory registerSpringBeans
INFO: Registering Spring bean, templateExceptionMapper, of type org.camunda.bpm.cycle.web.jaxrs.ext.TemplateExceptionMapper as a provider class
Nov 14, 2014 2:33:41 PM com.sun.jersey.spi.spring.container.SpringComponentProviderFactory registerSpringBeans
INFO: Registering Spring bean, templateMessageBodyWriter, of type org.camunda.bpm.cycle.web.jaxrs.ext.TemplateMessageBodyWriter as a provider class
Nov 14, 2014 2:33:41 PM com.sun.jersey.spi.spring.container.SpringComponentProviderFactory registerSpringBeans
INFO: Registering Spring bean, webExceptionMapper, of type org.camunda.bpm.cycle.web.jaxrs.ext.WebExceptionMapper as a provider class
Nov 14, 2014 2:33:41 PM com.sun.jersey.spi.spring.container.SpringComponentProviderFactory registerSpringBeans
INFO: Registering Spring bean, defaultService, of type org.camunda.bpm.cycle.web.service.DefaultService as a root resource class
Nov 14, 2014 2:33:41 PM com.sun.jersey.spi.spring.container.SpringComponentProviderFactory registerSpringBeans
INFO: Registering Spring bean, errorViewService, of type org.camunda.bpm.cycle.web.service.ErrorViewService as a root resource class
Nov 14, 2014 2:33:41 PM com.sun.jersey.spi.spring.container.SpringComponentProviderFactory registerSpringBeans
INFO: Registering Spring bean, initialConfigurationService, of type org.camunda.bpm.cycle.web.service.InitialConfigurationService as a root resource class
Nov 14, 2014 2:33:41 PM com.sun.jersey.spi.spring.container.SpringComponentProviderFactory registerSpringBeans
INFO: Registering Spring bean, loginService, of type org.camunda.bpm.cycle.web.service.LoginService as a root resource class
Nov 14, 2014 2:33:41 PM com.sun.jersey.spi.spring.container.SpringComponentProviderFactory registerSpringBeans
INFO: Registering Spring bean, bpmnDiagramService, of type org.camunda.bpm.cycle.web.service.resource.BpmnDiagramService as a root resource class
Nov 14, 2014 2:33:41 PM com.sun.jersey.spi.spring.container.SpringComponentProviderFactory registerSpringBeans
INFO: Registering Spring bean, connectorConfigurationService, of type org.camunda.bpm.cycle.web.service.resource.ConnectorConfigurationService as a root resource class
Nov 14, 2014 2:33:41 PM com.sun.jersey.spi.spring.container.SpringComponentProviderFactory registerSpringBeans
INFO: Registering Spring bean, connectorCredentialsService, of type org.camunda.bpm.cycle.web.service.resource.ConnectorCredentialsService as a root resource class
Nov 14, 2014 2:33:41 PM com.sun.jersey.spi.spring.container.SpringComponentProviderFactory registerSpringBeans
INFO: Registering Spring bean, connectorService, of type org.camunda.bpm.cycle.web.service.resource.ConnectorService as a root resource class
Nov 14, 2014 2:33:41 PM com.sun.jersey.spi.spring.container.SpringComponentProviderFactory registerSpringBeans
INFO: Registering Spring bean, roundtripService, of type org.camunda.bpm.cycle.web.service.resource.RoundtripService as a root resource class
Nov 14, 2014 2:33:41 PM com.sun.jersey.spi.spring.container.SpringComponentProviderFactory registerSpringBeans
INFO: Registering Spring bean, userService, of type org.camunda.bpm.cycle.web.service.resource.UserService as a root resource class
Nov 14, 2014 2:33:41 PM com.sun.jersey.spi.spring.container.SpringComponentProviderFactory registerSpringBeans
INFO: Registering Spring bean, testRunnerService, of type org.camunda.bpm.cycle.web.service.test.TestRunnerService as a root resource class
Nov 14, 2014 2:33:41 PM com.sun.jersey.spi.spring.container.SpringComponentProviderFactory registerSpringBeans
INFO: Registering Spring bean, viewService, of type org.camunda.bpm.cycle.web.service.ViewService as a root resource class
Nov 14, 2014 2:33:41 PM com.sun.jersey.spi.spring.container.SpringComponentProviderFactory registerSpringBeans
INFO: Registering Spring bean, securityExceptionMapper, of type org.camunda.bpm.security.web.jaxrs.SecurityExceptionMapper as a provider class
Nov 14, 2014 2:33:41 PM com.sun.jersey.server.impl.application.WebApplicationImpl _initiate
INFO: Initiating Jersey application, version 'Jersey: 1.11 12/09/2011 10:27 AM'
Nov 14, 2014 2:33:42 PM org.apache.catalina.startup.HostConfig deployDirectory
INFO: Deploying web application directory C:\betsy_master\server\camunda710\server\apache-tomcat-7.0.50\webapps\docs
Nov 14, 2014 2:33:42 PM org.apache.catalina.startup.HostConfig deployDirectory
INFO: Deploying web application directory C:\betsy_master\server\camunda710\server\apache-tomcat-7.0.50\webapps\engine-rest
Nov 14, 2014 2:33:43 PM org.jboss.resteasy.spi.ResteasyDeployment 
INFO: Deploying javax.ws.rs.core.Application: class org.camunda.bpm.engine.rest.impl.application.DefaultApplication
Nov 14, 2014 2:33:43 PM org.apache.catalina.startup.HostConfig deployDirectory
INFO: Deploying web application directory C:\betsy_master\server\camunda710\server\apache-tomcat-7.0.50\webapps\examples
Nov 14, 2014 2:33:44 PM org.apache.catalina.startup.HostConfig deployDirectory
INFO: Deploying web application directory C:\betsy_master\server\camunda710\server\apache-tomcat-7.0.50\webapps\h2
Nov 14, 2014 2:33:45 PM org.apache.catalina.startup.HostConfig deployDirectory
INFO: Deploying web application directory C:\betsy_master\server\camunda710\server\apache-tomcat-7.0.50\webapps\host-manager
Nov 14, 2014 2:33:46 PM org.apache.catalina.startup.HostConfig deployDirectory
INFO: Deploying web application directory C:\betsy_master\server\camunda710\server\apache-tomcat-7.0.50\webapps\manager
Nov 14, 2014 2:33:46 PM org.apache.catalina.startup.HostConfig deployDirectory
INFO: Deploying web application directory C:\betsy_master\server\camunda710\server\apache-tomcat-7.0.50\webapps\ROOT
Nov 14, 2014 2:33:47 PM org.apache.coyote.AbstractProtocol start
INFO: Starting ProtocolHandler ["http-bio-8080"]
Nov 14, 2014 2:33:47 PM org.apache.coyote.AbstractProtocol start
INFO: Starting ProtocolHandler ["ajp-bio-8009"]
Nov 14, 2014 2:33:47 PM org.apache.catalina.startup.Catalina start
INFO: Server startup in 21935 ms
Nov 14, 2014 2:33:57 PM org.apache.catalina.startup.HostConfig deployWAR
INFO: Deploying web application archive C:\betsy_master\server\camunda710\server\apache-tomcat-7.0.50\webapps\InclusiveGateway.war
Nov 14, 2014 2:33:58 PM org.camunda.bpm.application.impl.ServletProcessApplicationDeployer onStartup
INFO: Detected @ProcessApplication class de.uniba.dsg.ProcessTestApplication
Nov 14, 2014 2:33:58 PM org.camunda.bpm.container.impl.jmx.deployment.ParseProcessesXmlStep parseProcessesXmlFiles
INFO: Found process application file at file:/C:/betsy_master/server/camunda710/server/apache-tomcat-7.0.50/webapps/InclusiveGateway/WEB-INF/classes/META-INF/processes.xml
Nov 14, 2014 2:33:58 PM org.camunda.bpm.container.impl.jmx.deployment.DeployProcessArchiveStep logDeploymentSummary
INFO: Deployment summary for process archive 'InclusiveGateway': 

        InclusiveGateway.bpmn

Nov 14, 2014 2:33:58 PM org.camunda.bpm.engine.impl.bpmn.deployer.BpmnDeployer deploy
INFO: Processing resource InclusiveGateway.bpmn
Nov 14, 2014 2:33:58 PM org.camunda.bpm.engine.impl.application.ProcessApplicationManager logRegistration
INFO: ProcessApplication 'InclusiveGateway Application' registered for DB deployments [e3367a56-6c02-11e4-99e8-001999bf076c]. Will execute process definitions 

        InclusiveGateway[version: 1, id: InclusiveGateway:1:e339d5b8-6c02-11e4-99e8-001999bf076c]

Nov 14, 2014 2:33:58 PM org.camunda.bpm.container.impl.jmx.JmxRuntimeContainerDelegate deployProcessApplication
INFO: Process Application InclusiveGateway Application successfully deployed.
Nov 14, 2014 2:34:01 PM org.camunda.bpm.engine.impl.interceptor.CommandContext close
SEVERE: Error while closing command context
org.camunda.bpm.engine.ProcessEngineException: No outgoing sequence flow of the inclusive gateway 'InclusiveGateway_1' could be selected for continuing the process
	at org.camunda.bpm.engine.impl.bpmn.behavior.InclusiveGatewayActivityBehavior.execute(InclusiveGatewayActivityBehavior.java:80)
	at org.camunda.bpm.engine.impl.pvm.runtime.AtomicOperationActivityExecute.execute(AtomicOperationActivityExecute.java:44)
	at org.camunda.bpm.engine.impl.interceptor.CommandContext.performOperation(CommandContext.java:93)
	at org.camunda.bpm.engine.impl.persistence.entity.ExecutionEntity.performOperationSync(ExecutionEntity.java:728)
	at org.camunda.bpm.engine.impl.persistence.entity.ExecutionEntity.performOperation(ExecutionEntity.java:719)
	at org.camunda.bpm.engine.impl.pvm.runtime.AtomicOperationTransitionNotifyListenerStart.eventNotificationsCompleted(AtomicOperationTransitionNotifyListenerStart.java:63)
	at org.camunda.bpm.engine.impl.pvm.runtime.AbstractEventAtomicOperation.execute(AbstractEventAtomicOperation.java:63)
	at org.camunda.bpm.engine.impl.interceptor.CommandContext.performOperation(CommandContext.java:93)
	at org.camunda.bpm.engine.impl.persistence.entity.ExecutionEntity.performOperationSync(ExecutionEntity.java:728)
	at org.camunda.bpm.engine.impl.pvm.runtime.AbstractEventAtomicOperation.execute(AbstractEventAtomicOperation.java:56)
	at org.camunda.bpm.engine.impl.interceptor.CommandContext.performOperation(CommandContext.java:93)
	at org.camunda.bpm.engine.impl.persistence.entity.ExecutionEntity.performOperationSync(ExecutionEntity.java:728)
	at org.camunda.bpm.engine.impl.pvm.runtime.AbstractEventAtomicOperation.execute(AbstractEventAtomicOperation.java:56)
	at org.camunda.bpm.engine.impl.interceptor.CommandContext.performOperation(CommandContext.java:93)
	at org.camunda.bpm.engine.impl.persistence.entity.ExecutionEntity.performOperationSync(ExecutionEntity.java:728)
	at org.camunda.bpm.engine.impl.persistence.entity.ExecutionEntity.performOperation(ExecutionEntity.java:719)
	at org.camunda.bpm.engine.impl.pvm.runtime.AtomicOperationTransitionCreateScope.execute(AtomicOperationTransitionCreateScope.java:54)
	at org.camunda.bpm.engine.impl.interceptor.CommandContext.performOperation(CommandContext.java:93)
	at org.camunda.bpm.engine.impl.persistence.entity.ExecutionEntity.performOperationSync(ExecutionEntity.java:728)
	at org.camunda.bpm.engine.impl.persistence.entity.ExecutionEntity.performOperation(ExecutionEntity.java:719)
	at org.camunda.bpm.engine.impl.pvm.runtime.AtomicOperationTransitionNotifyListenerTake.execute(AtomicOperationTransitionNotifyListenerTake.java:73)
	at org.camunda.bpm.engine.impl.interceptor.CommandContext.performOperation(CommandContext.java:93)
	at org.camunda.bpm.engine.impl.persistence.entity.ExecutionEntity.performOperationSync(ExecutionEntity.java:728)
	at org.camunda.bpm.engine.impl.persistence.entity.ExecutionEntity.performOperation(ExecutionEntity.java:719)
	at org.camunda.bpm.engine.impl.pvm.runtime.AtomicOperationTransitionNotifyListenerTake.execute(AtomicOperationTransitionNotifyListenerTake.java:58)
	at org.camunda.bpm.engine.impl.interceptor.CommandContext.performOperation(CommandContext.java:93)
	at org.camunda.bpm.engine.impl.persistence.entity.ExecutionEntity.performOperationSync(ExecutionEntity.java:728)
	at org.camunda.bpm.engine.impl.persistence.entity.ExecutionEntity.performOperation(ExecutionEntity.java:719)
	at org.camunda.bpm.engine.impl.pvm.runtime.AtomicOperationTransitionDestroyScope.execute(AtomicOperationTransitionDestroyScope.java:117)
	at org.camunda.bpm.engine.impl.interceptor.CommandContext.performOperation(CommandContext.java:93)
	at org.camunda.bpm.engine.impl.persistence.entity.ExecutionEntity.performOperationSync(ExecutionEntity.java:728)
	at org.camunda.bpm.engine.impl.persistence.entity.ExecutionEntity.performOperation(ExecutionEntity.java:719)
	at org.camunda.bpm.engine.impl.pvm.runtime.AtomicOperationTransitionNotifyListenerEnd.eventNotificationsCompleted(AtomicOperationTransitionNotifyListenerEnd.java:36)
	at org.camunda.bpm.engine.impl.pvm.runtime.AbstractEventAtomicOperation.execute(AbstractEventAtomicOperation.java:63)
	at org.camunda.bpm.engine.impl.interceptor.CommandContext.performOperation(CommandContext.java:93)
	at org.camunda.bpm.engine.impl.persistence.entity.ExecutionEntity.performOperationSync(ExecutionEntity.java:728)
	at org.camunda.bpm.engine.impl.pvm.runtime.AbstractEventAtomicOperation.execute(AbstractEventAtomicOperation.java:56)
	at org.camunda.bpm.engine.impl.interceptor.CommandContext.performOperation(CommandContext.java:93)
	at org.camunda.bpm.engine.impl.persistence.entity.ExecutionEntity.performOperationSync(ExecutionEntity.java:728)
	at org.camunda.bpm.engine.impl.pvm.runtime.AbstractEventAtomicOperation.execute(AbstractEventAtomicOperation.java:56)
	at org.camunda.bpm.engine.impl.interceptor.CommandContext.performOperation(CommandContext.java:93)
	at org.camunda.bpm.engine.impl.persistence.entity.ExecutionEntity.performOperationSync(ExecutionEntity.java:728)
	at org.camunda.bpm.engine.impl.persistence.entity.ExecutionEntity.performOperation(ExecutionEntity.java:719)
	at org.camunda.bpm.engine.impl.persistence.entity.ExecutionEntity.take(ExecutionEntity.java:525)
	at org.camunda.bpm.engine.impl.bpmn.behavior.BpmnActivityBehavior.performOutgoingBehavior(BpmnActivityBehavior.java:102)
	at org.camunda.bpm.engine.impl.bpmn.behavior.BpmnActivityBehavior.performDefaultOutgoingBehavior(BpmnActivityBehavior.java:51)
	at org.camunda.bpm.engine.impl.bpmn.behavior.FlowNodeActivityBehavior.leave(FlowNodeActivityBehavior.java:44)
	at org.camunda.bpm.engine.impl.bpmn.behavior.AbstractBpmnActivityBehavior.leave(AbstractBpmnActivityBehavior.java:47)
	at org.camunda.bpm.engine.impl.bpmn.behavior.ScriptTaskActivityBehavior.execute(ScriptTaskActivityBehavior.java:68)
	at org.camunda.bpm.engine.impl.pvm.runtime.AtomicOperationActivityExecute.execute(AtomicOperationActivityExecute.java:44)
	at org.camunda.bpm.engine.impl.interceptor.CommandContext.performOperation(CommandContext.java:93)
	at org.camunda.bpm.engine.impl.persistence.entity.ExecutionEntity.performOperationSync(ExecutionEntity.java:728)
	at org.camunda.bpm.engine.impl.persistence.entity.ExecutionEntity.performOperation(ExecutionEntity.java:719)
	at org.camunda.bpm.engine.impl.pvm.runtime.AtomicOperationTransitionNotifyListenerStart.eventNotificationsCompleted(AtomicOperationTransitionNotifyListenerStart.java:63)
	at org.camunda.bpm.engine.impl.pvm.runtime.AbstractEventAtomicOperation.execute(AbstractEventAtomicOperation.java:63)
	at org.camunda.bpm.engine.impl.interceptor.CommandContext.performOperation(CommandContext.java:93)
	at org.camunda.bpm.engine.impl.persistence.entity.ExecutionEntity.performOperationSync(ExecutionEntity.java:728)
	at org.camunda.bpm.engine.impl.pvm.runtime.AbstractEventAtomicOperation.execute(AbstractEventAtomicOperation.java:56)
	at org.camunda.bpm.engine.impl.interceptor.CommandContext.performOperation(CommandContext.java:93)
	at org.camunda.bpm.engine.impl.persistence.entity.ExecutionEntity.performOperationSync(ExecutionEntity.java:728)
	at org.camunda.bpm.engine.impl.pvm.runtime.AbstractEventAtomicOperation.execute(AbstractEventAtomicOperation.java:56)
	at org.camunda.bpm.engine.impl.interceptor.CommandContext.performOperation(CommandContext.java:93)
	at org.camunda.bpm.engine.impl.persistence.entity.ExecutionEntity.performOperationSync(ExecutionEntity.java:728)
	at org.camunda.bpm.engine.impl.persistence.entity.ExecutionEntity.performOperation(ExecutionEntity.java:719)
	at org.camunda.bpm.engine.impl.pvm.runtime.AtomicOperationTransitionCreateScope.execute(AtomicOperationTransitionCreateScope.java:54)
	at org.camunda.bpm.engine.impl.interceptor.CommandContext.performOperation(CommandContext.java:93)
	at org.camunda.bpm.engine.impl.persistence.entity.ExecutionEntity.performOperationSync(ExecutionEntity.java:728)
	at org.camunda.bpm.engine.impl.persistence.entity.ExecutionEntity.performOperation(ExecutionEntity.java:719)
	at org.camunda.bpm.engine.impl.pvm.runtime.AtomicOperationTransitionNotifyListenerTake.execute(AtomicOperationTransitionNotifyListenerTake.java:73)
	at org.camunda.bpm.engine.impl.interceptor.CommandContext.performOperation(CommandContext.java:93)
	at org.camunda.bpm.engine.impl.persistence.entity.ExecutionEntity.performOperationSync(ExecutionEntity.java:728)
	at org.camunda.bpm.engine.impl.persistence.entity.ExecutionEntity.performOperation(ExecutionEntity.java:719)
	at org.camunda.bpm.engine.impl.pvm.runtime.AtomicOperationTransitionNotifyListenerTake.execute(AtomicOperationTransitionNotifyListenerTake.java:58)
	at org.camunda.bpm.engine.impl.interceptor.CommandContext.performOperation(CommandContext.java:93)
	at org.camunda.bpm.engine.impl.persistence.entity.ExecutionEntity.performOperationSync(ExecutionEntity.java:728)
	at org.camunda.bpm.engine.impl.persistence.entity.ExecutionEntity.performOperation(ExecutionEntity.java:719)
	at org.camunda.bpm.engine.impl.pvm.runtime.AtomicOperationTransitionDestroyScope.execute(AtomicOperationTransitionDestroyScope.java:117)
	at org.camunda.bpm.engine.impl.interceptor.CommandContext.performOperation(CommandContext.java:93)
	at org.camunda.bpm.engine.impl.persistence.entity.ExecutionEntity.performOperationSync(ExecutionEntity.java:728)
	at org.camunda.bpm.engine.impl.persistence.entity.ExecutionEntity.performOperation(ExecutionEntity.java:719)
	at org.camunda.bpm.engine.impl.pvm.runtime.AtomicOperationTransitionNotifyListenerEnd.eventNotificationsCompleted(AtomicOperationTransitionNotifyListenerEnd.java:36)
	at org.camunda.bpm.engine.impl.pvm.runtime.AbstractEventAtomicOperation.execute(AbstractEventAtomicOperation.java:63)
	at org.camunda.bpm.engine.impl.interceptor.CommandContext.performOperation(CommandContext.java:93)
	at org.camunda.bpm.engine.impl.persistence.entity.ExecutionEntity.performOperationSync(ExecutionEntity.java:728)
	at org.camunda.bpm.engine.impl.pvm.runtime.AbstractEventAtomicOperation.execute(AbstractEventAtomicOperation.java:56)
	at org.camunda.bpm.engine.impl.interceptor.CommandContext.performOperation(CommandContext.java:93)
	at org.camunda.bpm.engine.impl.persistence.entity.ExecutionEntity.performOperationSync(ExecutionEntity.java:728)
	at org.camunda.bpm.engine.impl.pvm.runtime.AbstractEventAtomicOperation.execute(AbstractEventAtomicOperation.java:56)
	at org.camunda.bpm.engine.impl.interceptor.CommandContext.performOperation(CommandContext.java:93)
	at org.camunda.bpm.engine.impl.persistence.entity.ExecutionEntity.performOperationSync(ExecutionEntity.java:728)
	at org.camunda.bpm.engine.impl.persistence.entity.ExecutionEntity.performOperation(ExecutionEntity.java:719)
	at org.camunda.bpm.engine.impl.persistence.entity.ExecutionEntity.take(ExecutionEntity.java:525)
	at org.camunda.bpm.engine.impl.bpmn.behavior.BpmnActivityBehavior.performOutgoingBehavior(BpmnActivityBehavior.java:102)
	at org.camunda.bpm.engine.impl.bpmn.behavior.BpmnActivityBehavior.performDefaultOutgoingBehavior(BpmnActivityBehavior.java:51)
	at org.camunda.bpm.engine.impl.bpmn.behavior.FlowNodeActivityBehavior.leave(FlowNodeActivityBehavior.java:44)
	at org.camunda.bpm.engine.impl.bpmn.behavior.FlowNodeActivityBehavior.execute(FlowNodeActivityBehavior.java:36)
	at org.camunda.bpm.engine.impl.pvm.runtime.AtomicOperationActivityExecute.execute(AtomicOperationActivityExecute.java:44)
	at org.camunda.bpm.engine.impl.interceptor.CommandContext.performOperation(CommandContext.java:93)
	at org.camunda.bpm.engine.impl.persistence.entity.ExecutionEntity.performOperationSync(ExecutionEntity.java:728)
	at org.camunda.bpm.engine.impl.persistence.entity.ExecutionEntity.performOperation(ExecutionEntity.java:719)
	at org.camunda.bpm.engine.impl.pvm.runtime.AtomicOperationProcessStartInitial.eventNotificationsCompleted(AtomicOperationProcessStartInitial.java:52)
	at org.camunda.bpm.engine.impl.pvm.runtime.AbstractEventAtomicOperation.execute(AbstractEventAtomicOperation.java:63)
	at org.camunda.bpm.engine.impl.interceptor.CommandContext.performOperation(CommandContext.java:93)
	at org.camunda.bpm.engine.impl.persistence.entity.ExecutionEntity.performOperationSync(ExecutionEntity.java:728)
	at org.camunda.bpm.engine.impl.pvm.runtime.AbstractEventAtomicOperation.execute(AbstractEventAtomicOperation.java:56)
	at org.camunda.bpm.engine.impl.interceptor.CommandContext.performOperation(CommandContext.java:93)
	at org.camunda.bpm.engine.impl.persistence.entity.ExecutionEntity.performOperationSync(ExecutionEntity.java:728)
	at org.camunda.bpm.engine.impl.pvm.runtime.AbstractEventAtomicOperation.execute(AbstractEventAtomicOperation.java:56)
	at org.camunda.bpm.engine.impl.interceptor.CommandContext.performOperation(CommandContext.java:93)
	at org.camunda.bpm.engine.impl.persistence.entity.ExecutionEntity.performOperationSync(ExecutionEntity.java:728)
	at org.camunda.bpm.engine.impl.persistence.entity.ExecutionEntity.performOperation(ExecutionEntity.java:719)
	at org.camunda.bpm.engine.impl.pvm.runtime.AtomicOperationProcessStart.eventNotificationsCompleted(AtomicOperationProcessStart.java:54)
	at org.camunda.bpm.engine.impl.pvm.runtime.AbstractEventAtomicOperation.execute(AbstractEventAtomicOperation.java:63)
	at org.camunda.bpm.engine.impl.interceptor.CommandContext.performOperation(CommandContext.java:93)
	at org.camunda.bpm.engine.impl.interceptor.CommandContext$1.call(CommandContext.java:77)
	at org.camunda.bpm.engine.impl.interceptor.CommandContext$1.call(CommandContext.java:75)
	at org.camunda.bpm.application.AbstractProcessApplication.execute(AbstractProcessApplication.java:100)
	at org.camunda.bpm.engine.impl.context.Context.executeWithinProcessApplication(Context.java:147)
	at org.camunda.bpm.engine.impl.interceptor.CommandContext.performOperation(CommandContext.java:75)
	at org.camunda.bpm.engine.impl.persistence.entity.ExecutionEntity.performOperationSync(ExecutionEntity.java:728)
	at org.camunda.bpm.engine.impl.persistence.entity.ExecutionEntity.performOperation(ExecutionEntity.java:719)
	at org.camunda.bpm.engine.impl.persistence.entity.ExecutionEntity.start(ExecutionEntity.java:420)
	at org.camunda.bpm.engine.impl.persistence.entity.ExecutionEntity.start(ExecutionEntity.java:403)
	at org.camunda.bpm.engine.impl.cmd.StartProcessInstanceCmd.execute(StartProcessInstanceCmd.java:70)
	at org.camunda.bpm.engine.impl.cmd.StartProcessInstanceCmd.execute(StartProcessInstanceCmd.java:32)
	at org.camunda.bpm.engine.impl.interceptor.CommandExecutorImpl.execute(CommandExecutorImpl.java:24)
	at org.camunda.bpm.engine.impl.interceptor.CommandContextInterceptor.execute(CommandContextInterceptor.java:90)
	at org.camunda.bpm.engine.impl.interceptor.LogInterceptor.execute(LogInterceptor.java:32)
	at org.camunda.bpm.engine.impl.RuntimeServiceImpl.startProcessInstanceById(RuntimeServiceImpl.java:87)
	at org.camunda.bpm.engine.rest.sub.repository.ProcessDefinitionResourceImpl.startProcessInstance(ProcessDefinitionResourceImpl.java:91)
	at sun.reflect.NativeMethodAccessorImpl.invoke0(Native Method)
	at sun.reflect.NativeMethodAccessorImpl.invoke(NativeMethodAccessorImpl.java:62)
	at sun.reflect.DelegatingMethodAccessorImpl.invoke(DelegatingMethodAccessorImpl.java:43)
	at java.lang.reflect.Method.invoke(Method.java:483)
	at org.jboss.resteasy.core.MethodInjectorImpl.invoke(MethodInjectorImpl.java:167)
	at org.jboss.resteasy.core.ResourceMethod.invokeOnTarget(ResourceMethod.java:257)
	at org.jboss.resteasy.core.ResourceMethod.invoke(ResourceMethod.java:222)
	at org.jboss.resteasy.core.ResourceLocator.invokeOnTargetObject(ResourceLocator.java:159)
	at org.jboss.resteasy.core.ResourceLocator.invoke(ResourceLocator.java:107)
	at org.jboss.resteasy.core.ResourceLocator.invokeOnTargetObject(ResourceLocator.java:154)
	at org.jboss.resteasy.core.ResourceLocator.invoke(ResourceLocator.java:92)
	at org.jboss.resteasy.core.SynchronousDispatcher.getResponse(SynchronousDispatcher.java:542)
	at org.jboss.resteasy.core.SynchronousDispatcher.invoke(SynchronousDispatcher.java:524)
	at org.jboss.resteasy.core.SynchronousDispatcher.invokePropagateNotFound(SynchronousDispatcher.java:169)
	at org.jboss.resteasy.plugins.server.servlet.ServletContainerDispatcher.service(ServletContainerDispatcher.java:212)
	at org.jboss.resteasy.plugins.server.servlet.FilterDispatcher.doFilter(FilterDispatcher.java:59)
	at org.apache.catalina.core.ApplicationFilterChain.internalDoFilter(ApplicationFilterChain.java:243)
	at org.apache.catalina.core.ApplicationFilterChain.doFilter(ApplicationFilterChain.java:210)
	at org.camunda.bpm.engine.rest.filter.CacheControlFilter.doFilter(CacheControlFilter.java:47)
	at org.apache.catalina.core.ApplicationFilterChain.internalDoFilter(ApplicationFilterChain.java:243)
	at org.apache.catalina.core.ApplicationFilterChain.doFilter(ApplicationFilterChain.java:210)
	at org.apache.catalina.core.StandardWrapperValve.invoke(StandardWrapperValve.java:222)
	at org.apache.catalina.core.StandardContextValve.invoke(StandardContextValve.java:123)
	at org.apache.catalina.authenticator.AuthenticatorBase.invoke(AuthenticatorBase.java:502)
	at org.apache.catalina.core.StandardHostValve.invoke(StandardHostValve.java:171)
	at org.apache.catalina.valves.ErrorReportValve.invoke(ErrorReportValve.java:100)
	at org.apache.catalina.valves.AccessLogValve.invoke(AccessLogValve.java:953)
	at org.apache.catalina.core.StandardEngineValve.invoke(StandardEngineValve.java:118)
	at org.apache.catalina.connector.CoyoteAdapter.service(CoyoteAdapter.java:409)
	at org.apache.coyote.http11.AbstractHttp11Processor.process(AbstractHttp11Processor.java:1044)
	at org.apache.coyote.AbstractProtocol$AbstractConnectionHandler.process(AbstractProtocol.java:607)
	at org.apache.tomcat.util.net.JIoEndpoint$SocketProcessor.run(JIoEndpoint.java:315)
	at java.util.concurrent.ThreadPoolExecutor.runWorker(ThreadPoolExecutor.java:1142)
	at java.util.concurrent.ThreadPoolExecutor$Worker.run(ThreadPoolExecutor.java:617)
	at java.lang.Thread.run(Thread.java:745)

Nov 14, 2014 2:34:01 PM org.camunda.bpm.engine.rest.exception.RestExceptionHandler toResponse
WARNING: org.camunda.bpm.engine.rest.exception.RestException: Cannot instantiate process definition InclusiveGateway:1:e339d5b8-6c02-11e4-99e8-001999bf076c: No outgoing sequence flow of the inclusive gateway 'InclusiveGateway_1' could be selected for continuing the process
	at org.camunda.bpm.engine.rest.sub.repository.ProcessDefinitionResourceImpl.startProcessInstance(ProcessDefinitionResourceImpl.java:98)
	at sun.reflect.NativeMethodAccessorImpl.invoke0(Native Method)
	at sun.reflect.NativeMethodAccessorImpl.invoke(NativeMethodAccessorImpl.java:62)
	at sun.reflect.DelegatingMethodAccessorImpl.invoke(DelegatingMethodAccessorImpl.java:43)
	at java.lang.reflect.Method.invoke(Method.java:483)
	at org.jboss.resteasy.core.MethodInjectorImpl.invoke(MethodInjectorImpl.java:167)
	at org.jboss.resteasy.core.ResourceMethod.invokeOnTarget(ResourceMethod.java:257)
	at org.jboss.resteasy.core.ResourceMethod.invoke(ResourceMethod.java:222)
	at org.jboss.resteasy.core.ResourceLocator.invokeOnTargetObject(ResourceLocator.java:159)
	at org.jboss.resteasy.core.ResourceLocator.invoke(ResourceLocator.java:107)
	at org.jboss.resteasy.core.ResourceLocator.invokeOnTargetObject(ResourceLocator.java:154)
	at org.jboss.resteasy.core.ResourceLocator.invoke(ResourceLocator.java:92)
	at org.jboss.resteasy.core.SynchronousDispatcher.getResponse(SynchronousDispatcher.java:542)
	at org.jboss.resteasy.core.SynchronousDispatcher.invoke(SynchronousDispatcher.java:524)
	at org.jboss.resteasy.core.SynchronousDispatcher.invokePropagateNotFound(SynchronousDispatcher.java:169)
	at org.jboss.resteasy.plugins.server.servlet.ServletContainerDispatcher.service(ServletContainerDispatcher.java:212)
	at org.jboss.resteasy.plugins.server.servlet.FilterDispatcher.doFilter(FilterDispatcher.java:59)
	at org.apache.catalina.core.ApplicationFilterChain.internalDoFilter(ApplicationFilterChain.java:243)
	at org.apache.catalina.core.ApplicationFilterChain.doFilter(ApplicationFilterChain.java:210)
	at org.camunda.bpm.engine.rest.filter.CacheControlFilter.doFilter(CacheControlFilter.java:47)
	at org.apache.catalina.core.ApplicationFilterChain.internalDoFilter(ApplicationFilterChain.java:243)
	at org.apache.catalina.core.ApplicationFilterChain.doFilter(ApplicationFilterChain.java:210)
	at org.apache.catalina.core.StandardWrapperValve.invoke(StandardWrapperValve.java:222)
	at org.apache.catalina.core.StandardContextValve.invoke(StandardContextValve.java:123)
	at org.apache.catalina.authenticator.AuthenticatorBase.invoke(AuthenticatorBase.java:502)
	at org.apache.catalina.core.StandardHostValve.invoke(StandardHostValve.java:171)
	at org.apache.catalina.valves.ErrorReportValve.invoke(ErrorReportValve.java:100)
	at org.apache.catalina.valves.AccessLogValve.invoke(AccessLogValve.java:953)
	at org.apache.catalina.core.StandardEngineValve.invoke(StandardEngineValve.java:118)
	at org.apache.catalina.connector.CoyoteAdapter.service(CoyoteAdapter.java:409)
	at org.apache.coyote.http11.AbstractHttp11Processor.process(AbstractHttp11Processor.java:1044)
	at org.apache.coyote.AbstractProtocol$AbstractConnectionHandler.process(AbstractProtocol.java:607)
	at org.apache.tomcat.util.net.JIoEndpoint$SocketProcessor.run(JIoEndpoint.java:315)
	at java.util.concurrent.ThreadPoolExecutor.runWorker(ThreadPoolExecutor.java:1142)
	at java.util.concurrent.ThreadPoolExecutor$Worker.run(ThreadPoolExecutor.java:617)
	at java.lang.Thread.run(Thread.java:745)
Caused by: org.camunda.bpm.engine.ProcessEngineException: No outgoing sequence flow of the inclusive gateway 'InclusiveGateway_1' could be selected for continuing the process
	at org.camunda.bpm.engine.impl.bpmn.behavior.InclusiveGatewayActivityBehavior.execute(InclusiveGatewayActivityBehavior.java:80)
	at org.camunda.bpm.engine.impl.pvm.runtime.AtomicOperationActivityExecute.execute(AtomicOperationActivityExecute.java:44)
	at org.camunda.bpm.engine.impl.interceptor.CommandContext.performOperation(CommandContext.java:93)
	at org.camunda.bpm.engine.impl.persistence.entity.ExecutionEntity.performOperationSync(ExecutionEntity.java:728)
	at org.camunda.bpm.engine.impl.persistence.entity.ExecutionEntity.performOperation(ExecutionEntity.java:719)
	at org.camunda.bpm.engine.impl.pvm.runtime.AtomicOperationTransitionNotifyListenerStart.eventNotificationsCompleted(AtomicOperationTransitionNotifyListenerStart.java:63)
	at org.camunda.bpm.engine.impl.pvm.runtime.AbstractEventAtomicOperation.execute(AbstractEventAtomicOperation.java:63)
	at org.camunda.bpm.engine.impl.interceptor.CommandContext.performOperation(CommandContext.java:93)
	at org.camunda.bpm.engine.impl.persistence.entity.ExecutionEntity.performOperationSync(ExecutionEntity.java:728)
	at org.camunda.bpm.engine.impl.pvm.runtime.AbstractEventAtomicOperation.execute(AbstractEventAtomicOperation.java:56)
	at org.camunda.bpm.engine.impl.interceptor.CommandContext.performOperation(CommandContext.java:93)
	at org.camunda.bpm.engine.impl.persistence.entity.ExecutionEntity.performOperationSync(ExecutionEntity.java:728)
	at org.camunda.bpm.engine.impl.pvm.runtime.AbstractEventAtomicOperation.execute(AbstractEventAtomicOperation.java:56)
	at org.camunda.bpm.engine.impl.interceptor.CommandContext.performOperation(CommandContext.java:93)
	at org.camunda.bpm.engine.impl.persistence.entity.ExecutionEntity.performOperationSync(ExecutionEntity.java:728)
	at org.camunda.bpm.engine.impl.persistence.entity.ExecutionEntity.performOperation(ExecutionEntity.java:719)
	at org.camunda.bpm.engine.impl.pvm.runtime.AtomicOperationTransitionCreateScope.execute(AtomicOperationTransitionCreateScope.java:54)
	at org.camunda.bpm.engine.impl.interceptor.CommandContext.performOperation(CommandContext.java:93)
	at org.camunda.bpm.engine.impl.persistence.entity.ExecutionEntity.performOperationSync(ExecutionEntity.java:728)
	at org.camunda.bpm.engine.impl.persistence.entity.ExecutionEntity.performOperation(ExecutionEntity.java:719)
	at org.camunda.bpm.engine.impl.pvm.runtime.AtomicOperationTransitionNotifyListenerTake.execute(AtomicOperationTransitionNotifyListenerTake.java:73)
	at org.camunda.bpm.engine.impl.interceptor.CommandContext.performOperation(CommandContext.java:93)
	at org.camunda.bpm.engine.impl.persistence.entity.ExecutionEntity.performOperationSync(ExecutionEntity.java:728)
	at org.camunda.bpm.engine.impl.persistence.entity.ExecutionEntity.performOperation(ExecutionEntity.java:719)
	at org.camunda.bpm.engine.impl.pvm.runtime.AtomicOperationTransitionNotifyListenerTake.execute(AtomicOperationTransitionNotifyListenerTake.java:58)
	at org.camunda.bpm.engine.impl.interceptor.CommandContext.performOperation(CommandContext.java:93)
	at org.camunda.bpm.engine.impl.persistence.entity.ExecutionEntity.performOperationSync(ExecutionEntity.java:728)
	at org.camunda.bpm.engine.impl.persistence.entity.ExecutionEntity.performOperation(ExecutionEntity.java:719)
	at org.camunda.bpm.engine.impl.pvm.runtime.AtomicOperationTransitionDestroyScope.execute(AtomicOperationTransitionDestroyScope.java:117)
	at org.camunda.bpm.engine.impl.interceptor.CommandContext.performOperation(CommandContext.java:93)
	at org.camunda.bpm.engine.impl.persistence.entity.ExecutionEntity.performOperationSync(ExecutionEntity.java:728)
	at org.camunda.bpm.engine.impl.persistence.entity.ExecutionEntity.performOperation(ExecutionEntity.java:719)
	at org.camunda.bpm.engine.impl.pvm.runtime.AtomicOperationTransitionNotifyListenerEnd.eventNotificationsCompleted(AtomicOperationTransitionNotifyListenerEnd.java:36)
	at org.camunda.bpm.engine.impl.pvm.runtime.AbstractEventAtomicOperation.execute(AbstractEventAtomicOperation.java:63)
	at org.camunda.bpm.engine.impl.interceptor.CommandContext.performOperation(CommandContext.java:93)
	at org.camunda.bpm.engine.impl.persistence.entity.ExecutionEntity.performOperationSync(ExecutionEntity.java:728)
	at org.camunda.bpm.engine.impl.pvm.runtime.AbstractEventAtomicOperation.execute(AbstractEventAtomicOperation.java:56)
	at org.camunda.bpm.engine.impl.interceptor.CommandContext.performOperation(CommandContext.java:93)
	at org.camunda.bpm.engine.impl.persistence.entity.ExecutionEntity.performOperationSync(ExecutionEntity.java:728)
	at org.camunda.bpm.engine.impl.pvm.runtime.AbstractEventAtomicOperation.execute(AbstractEventAtomicOperation.java:56)
	at org.camunda.bpm.engine.impl.interceptor.CommandContext.performOperation(CommandContext.java:93)
	at org.camunda.bpm.engine.impl.persistence.entity.ExecutionEntity.performOperationSync(ExecutionEntity.java:728)
	at org.camunda.bpm.engine.impl.persistence.entity.ExecutionEntity.performOperation(ExecutionEntity.java:719)
	at org.camunda.bpm.engine.impl.persistence.entity.ExecutionEntity.take(ExecutionEntity.java:525)
	at org.camunda.bpm.engine.impl.bpmn.behavior.BpmnActivityBehavior.performOutgoingBehavior(BpmnActivityBehavior.java:102)
	at org.camunda.bpm.engine.impl.bpmn.behavior.BpmnActivityBehavior.performDefaultOutgoingBehavior(BpmnActivityBehavior.java:51)
	at org.camunda.bpm.engine.impl.bpmn.behavior.FlowNodeActivityBehavior.leave(FlowNodeActivityBehavior.java:44)
	at org.camunda.bpm.engine.impl.bpmn.behavior.AbstractBpmnActivityBehavior.leave(AbstractBpmnActivityBehavior.java:47)
	at org.camunda.bpm.engine.impl.bpmn.behavior.ScriptTaskActivityBehavior.execute(ScriptTaskActivityBehavior.java:68)
	at org.camunda.bpm.engine.impl.pvm.runtime.AtomicOperationActivityExecute.execute(AtomicOperationActivityExecute.java:44)
	at org.camunda.bpm.engine.impl.interceptor.CommandContext.performOperation(CommandContext.java:93)
	at org.camunda.bpm.engine.impl.persistence.entity.ExecutionEntity.performOperationSync(ExecutionEntity.java:728)
	at org.camunda.bpm.engine.impl.persistence.entity.ExecutionEntity.performOperation(ExecutionEntity.java:719)
	at org.camunda.bpm.engine.impl.pvm.runtime.AtomicOperationTransitionNotifyListenerStart.eventNotificationsCompleted(AtomicOperationTransitionNotifyListenerStart.java:63)
	at org.camunda.bpm.engine.impl.pvm.runtime.AbstractEventAtomicOperation.execute(AbstractEventAtomicOperation.java:63)
	at org.camunda.bpm.engine.impl.interceptor.CommandContext.performOperation(CommandContext.java:93)
	at org.camunda.bpm.engine.impl.persistence.entity.ExecutionEntity.performOperationSync(ExecutionEntity.java:728)
	at org.camunda.bpm.engine.impl.pvm.runtime.AbstractEventAtomicOperation.execute(AbstractEventAtomicOperation.java:56)
	at org.camunda.bpm.engine.impl.interceptor.CommandContext.performOperation(CommandContext.java:93)
	at org.camunda.bpm.engine.impl.persistence.entity.ExecutionEntity.performOperationSync(ExecutionEntity.java:728)
	at org.camunda.bpm.engine.impl.pvm.runtime.AbstractEventAtomicOperation.execute(AbstractEventAtomicOperation.java:56)
	at org.camunda.bpm.engine.impl.interceptor.CommandContext.performOperation(CommandContext.java:93)
	at org.camunda.bpm.engine.impl.persistence.entity.ExecutionEntity.performOperationSync(ExecutionEntity.java:728)
	at org.camunda.bpm.engine.impl.persistence.entity.ExecutionEntity.performOperation(ExecutionEntity.java:719)
	at org.camunda.bpm.engine.impl.pvm.runtime.AtomicOperationTransitionCreateScope.execute(AtomicOperationTransitionCreateScope.java:54)
	at org.camunda.bpm.engine.impl.interceptor.CommandContext.performOperation(CommandContext.java:93)
	at org.camunda.bpm.engine.impl.persistence.entity.ExecutionEntity.performOperationSync(ExecutionEntity.java:728)
	at org.camunda.bpm.engine.impl.persistence.entity.ExecutionEntity.performOperation(ExecutionEntity.java:719)
	at org.camunda.bpm.engine.impl.pvm.runtime.AtomicOperationTransitionNotifyListenerTake.execute(AtomicOperationTransitionNotifyListenerTake.java:73)
	at org.camunda.bpm.engine.impl.interceptor.CommandContext.performOperation(CommandContext.java:93)
	at org.camunda.bpm.engine.impl.persistence.entity.ExecutionEntity.performOperationSync(ExecutionEntity.java:728)
	at org.camunda.bpm.engine.impl.persistence.entity.ExecutionEntity.performOperation(ExecutionEntity.java:719)
	at org.camunda.bpm.engine.impl.pvm.runtime.AtomicOperationTransitionNotifyListenerTake.execute(AtomicOperationTransitionNotifyListenerTake.java:58)
	at org.camunda.bpm.engine.impl.interceptor.CommandContext.performOperation(CommandContext.java:93)
	at org.camunda.bpm.engine.impl.persistence.entity.ExecutionEntity.performOperationSync(ExecutionEntity.java:728)
	at org.camunda.bpm.engine.impl.persistence.entity.ExecutionEntity.performOperation(ExecutionEntity.java:719)
	at org.camunda.bpm.engine.impl.pvm.runtime.AtomicOperationTransitionDestroyScope.execute(AtomicOperationTransitionDestroyScope.java:117)
	at org.camunda.bpm.engine.impl.interceptor.CommandContext.performOperation(CommandContext.java:93)
	at org.camunda.bpm.engine.impl.persistence.entity.ExecutionEntity.performOperationSync(ExecutionEntity.java:728)
	at org.camunda.bpm.engine.impl.persistence.entity.ExecutionEntity.performOperation(ExecutionEntity.java:719)
	at org.camunda.bpm.engine.impl.pvm.runtime.AtomicOperationTransitionNotifyListenerEnd.eventNotificationsCompleted(AtomicOperationTransitionNotifyListenerEnd.java:36)
	at org.camunda.bpm.engine.impl.pvm.runtime.AbstractEventAtomicOperation.execute(AbstractEventAtomicOperation.java:63)
	at org.camunda.bpm.engine.impl.interceptor.CommandContext.performOperation(CommandContext.java:93)
	at org.camunda.bpm.engine.impl.persistence.entity.ExecutionEntity.performOperationSync(ExecutionEntity.java:728)
	at org.camunda.bpm.engine.impl.pvm.runtime.AbstractEventAtomicOperation.execute(AbstractEventAtomicOperation.java:56)
	at org.camunda.bpm.engine.impl.interceptor.CommandContext.performOperation(CommandContext.java:93)
	at org.camunda.bpm.engine.impl.persistence.entity.ExecutionEntity.performOperationSync(ExecutionEntity.java:728)
	at org.camunda.bpm.engine.impl.pvm.runtime.AbstractEventAtomicOperation.execute(AbstractEventAtomicOperation.java:56)
	at org.camunda.bpm.engine.impl.interceptor.CommandContext.performOperation(CommandContext.java:93)
	at org.camunda.bpm.engine.impl.persistence.entity.ExecutionEntity.performOperationSync(ExecutionEntity.java:728)
	at org.camunda.bpm.engine.impl.persistence.entity.ExecutionEntity.performOperation(ExecutionEntity.java:719)
	at org.camunda.bpm.engine.impl.persistence.entity.ExecutionEntity.take(ExecutionEntity.java:525)
	at org.camunda.bpm.engine.impl.bpmn.behavior.BpmnActivityBehavior.performOutgoingBehavior(BpmnActivityBehavior.java:102)
	at org.camunda.bpm.engine.impl.bpmn.behavior.BpmnActivityBehavior.performDefaultOutgoingBehavior(BpmnActivityBehavior.java:51)
	at org.camunda.bpm.engine.impl.bpmn.behavior.FlowNodeActivityBehavior.leave(FlowNodeActivityBehavior.java:44)
	at org.camunda.bpm.engine.impl.bpmn.behavior.FlowNodeActivityBehavior.execute(FlowNodeActivityBehavior.java:36)
	at org.camunda.bpm.engine.impl.pvm.runtime.AtomicOperationActivityExecute.execute(AtomicOperationActivityExecute.java:44)
	at org.camunda.bpm.engine.impl.interceptor.CommandContext.performOperation(CommandContext.java:93)
	at org.camunda.bpm.engine.impl.persistence.entity.ExecutionEntity.performOperationSync(ExecutionEntity.java:728)
	at org.camunda.bpm.engine.impl.persistence.entity.ExecutionEntity.performOperation(ExecutionEntity.java:719)
	at org.camunda.bpm.engine.impl.pvm.runtime.AtomicOperationProcessStartInitial.eventNotificationsCompleted(AtomicOperationProcessStartInitial.java:52)
	at org.camunda.bpm.engine.impl.pvm.runtime.AbstractEventAtomicOperation.execute(AbstractEventAtomicOperation.java:63)
	at org.camunda.bpm.engine.impl.interceptor.CommandContext.performOperation(CommandContext.java:93)
	at org.camunda.bpm.engine.impl.persistence.entity.ExecutionEntity.performOperationSync(ExecutionEntity.java:728)
	at org.camunda.bpm.engine.impl.pvm.runtime.AbstractEventAtomicOperation.execute(AbstractEventAtomicOperation.java:56)
	at org.camunda.bpm.engine.impl.interceptor.CommandContext.performOperation(CommandContext.java:93)
	at org.camunda.bpm.engine.impl.persistence.entity.ExecutionEntity.performOperationSync(ExecutionEntity.java:728)
	at org.camunda.bpm.engine.impl.pvm.runtime.AbstractEventAtomicOperation.execute(AbstractEventAtomicOperation.java:56)
	at org.camunda.bpm.engine.impl.interceptor.CommandContext.performOperation(CommandContext.java:93)
	at org.camunda.bpm.engine.impl.persistence.entity.ExecutionEntity.performOperationSync(ExecutionEntity.java:728)
	at org.camunda.bpm.engine.impl.persistence.entity.ExecutionEntity.performOperation(ExecutionEntity.java:719)
	at org.camunda.bpm.engine.impl.pvm.runtime.AtomicOperationProcessStart.eventNotificationsCompleted(AtomicOperationProcessStart.java:54)
	at org.camunda.bpm.engine.impl.pvm.runtime.AbstractEventAtomicOperation.execute(AbstractEventAtomicOperation.java:63)
	at org.camunda.bpm.engine.impl.interceptor.CommandContext.performOperation(CommandContext.java:93)
	at org.camunda.bpm.engine.impl.interceptor.CommandContext$1.call(CommandContext.java:77)
	at org.camunda.bpm.engine.impl.interceptor.CommandContext$1.call(CommandContext.java:75)
	at org.camunda.bpm.application.AbstractProcessApplication.execute(AbstractProcessApplication.java:100)
	at org.camunda.bpm.engine.impl.context.Context.executeWithinProcessApplication(Context.java:147)
	at org.camunda.bpm.engine.impl.interceptor.CommandContext.performOperation(CommandContext.java:75)
	at org.camunda.bpm.engine.impl.persistence.entity.ExecutionEntity.performOperationSync(ExecutionEntity.java:728)
	at org.camunda.bpm.engine.impl.persistence.entity.ExecutionEntity.performOperation(ExecutionEntity.java:719)
	at org.camunda.bpm.engine.impl.persistence.entity.ExecutionEntity.start(ExecutionEntity.java:420)
	at org.camunda.bpm.engine.impl.persistence.entity.ExecutionEntity.start(ExecutionEntity.java:403)
	at org.camunda.bpm.engine.impl.cmd.StartProcessInstanceCmd.execute(StartProcessInstanceCmd.java:70)
	at org.camunda.bpm.engine.impl.cmd.StartProcessInstanceCmd.execute(StartProcessInstanceCmd.java:32)
	at org.camunda.bpm.engine.impl.interceptor.CommandExecutorImpl.execute(CommandExecutorImpl.java:24)
	at org.camunda.bpm.engine.impl.interceptor.CommandContextInterceptor.execute(CommandContextInterceptor.java:90)
	at org.camunda.bpm.engine.impl.interceptor.LogInterceptor.execute(LogInterceptor.java:32)
	at org.camunda.bpm.engine.impl.RuntimeServiceImpl.startProcessInstanceById(RuntimeServiceImpl.java:87)
	at org.camunda.bpm.engine.rest.sub.repository.ProcessDefinitionResourceImpl.startProcessInstance(ProcessDefinitionResourceImpl.java:91)
	... 35 more

